<?xml version="1.0" encoding="UTF-8"?>
<!-- Generated by org.testng.reporters.JUnitReportReporter -->
<testsuite hostname="NOISMAH2831361" name="com.somedomain.TestScript.VerifyHomepage" tests="3" failures="0" timestamp="21 Jul 2016 10:03:47 GMT" time="33.935" errors="0">
  <testcase name="verifyCategories" time="3.738" classname="com.somedomain.TestScript.VerifyHomepage"/>
  <testcase name="verifyActiveLinksCount" time="18.834" classname="com.somedomain.TestScript.VerifyHomepage"/>
  <testcase name="LoginWithExistingUser" time="11.363" classname="com.somedomain.TestScript.VerifyHomepage"/>
</testsuite> <!-- com.somedomain.TestScript.VerifyHomepage -->
