<?xml version="1.0" encoding="UTF-8"?>
<!-- Generated by org.testng.reporters.JUnitReportReporter -->
<testsuite hostname="NOISMAH2831361" name="com.somedomain.TestScript.VerifyHomepageTest" tests="3" failures="0" timestamp="22 Jul 2016 04:37:33 GMT" time="27.890" errors="0">
  <testcase name="LoginWithExistingUser" time="5.152" classname="com.somedomain.TestScript.VerifyHomepageTest"/>
  <testcase name="verifyActiveLinksCount" time="18.988" classname="com.somedomain.TestScript.VerifyHomepageTest"/>
  <testcase name="verifyCategories" time="3.750" classname="com.somedomain.TestScript.VerifyHomepageTest"/>
</testsuite> <!-- com.somedomain.TestScript.VerifyHomepageTest -->
